[INFO ] 2019-06-01 14:46:07.764 [main] DriverEscape - DocumentBuilder complete
[INFO ] 2019-06-01 14:46:07.766 [main] DriverEscape - Parsing of the XML file complete
[INFO ] 2019-06-01 14:46:07.917 [main] DriverEscape - Sleep for 0.15 sec is working
[INFO ] 2019-06-01 14:49:57.004 [main] DriverEscape - DocumentBuilder complete
[INFO ] 2019-06-01 14:49:57.007 [main] DriverEscape - Parsing of the XML file complete
[INFO ] 2019-06-01 14:49:57.158 [main] DriverEscape - Sleep for 0.15 sec is working
[INFO ] 2019-06-01 14:56:52.838 [main] DriverEscape - DocumentBuilder complete
[INFO ] 2019-06-01 14:56:52.840 [main] DriverEscape - Parsing of the XML file complete
[INFO ] 2019-06-01 14:56:52.991 [main] DriverEscape - Sleep for 0.15 sec is working
[INFO ] 2019-06-01 14:57:08.925 [main] DriverEscape - DocumentBuilder complete
[INFO ] 2019-06-01 14:57:08.927 [main] DriverEscape - Parsing of the XML file complete
[INFO ] 2019-06-01 14:57:09.078 [main] DriverEscape - Sleep for 0.15 sec is working
[INFO ] 2019-06-01 15:00:02.006 [main] DriverEscape - DocumentBuilder complete
[ERROR] 2019-06-01 15:00:02.009 [main] DriverEscape - Input/Output ExceptionC:\Users\nico\eclipse-workspace\Escape Game2\Config_Escapegame.xml (The system cannot find the file specified)
[INFO ] 2019-06-01 15:05:11.879 [main] DriverEscape - DocumentBuilder complete
[ERROR] 2019-06-01 15:05:11.882 [main] DriverEscape - Input/Output ExceptionC:\Users\nico\eclipse-workspace\Escape Game2\Config_Escapegame.xml (The system cannot find the file specified)
[INFO ] 2019-06-01 15:05:35.904 [main] DriverEscape - DocumentBuilder complete
[ERROR] 2019-06-01 15:05:35.907 [main] DriverEscape - Input/Output ExceptionC:\Escape Game2\src\com\nicolasderoussen\Config_Escapegame.xml (The system cannot find the path specified)
[INFO ] 2019-06-01 15:05:51.527 [main] DriverEscape - DocumentBuilder complete
[INFO ] 2019-06-01 15:05:51.529 [main] DriverEscape - Parsing of the XML file complete
[INFO ] 2019-06-01 15:05:51.680 [main] DriverEscape - Sleep for 0.15 sec is working
[INFO ] 2019-06-01 15:10:14.429 [main] DriverEscape - DocumentBuilder complete
[ERROR] 2019-06-01 15:10:14.431 [main] DriverEscape - Input/Output ExceptionC:\src\com\nicolasderoussen\Config_Escapegame.xml (The system cannot find the path specified)
[INFO ] 2019-06-01 15:10:26.033 [main] DriverEscape - DocumentBuilder complete
[ERROR] 2019-06-01 15:10:26.036 [main] DriverEscape - Input/Output ExceptionC:\Users\nico\eclipse-workspace\Escape Game2\..\src\com\nicolasderoussen\Config_Escapegame.xml (The system cannot find the file specified)
[INFO ] 2019-06-01 15:10:46.804 [main] DriverEscape - DocumentBuilder complete
[ERROR] 2019-06-01 15:10:46.807 [main] DriverEscape - Input/Output ExceptionC:\Users\nico\eclipse-workspace\Escape Game2\..\Config_Escapegame.xml (The system cannot find the file specified)
[INFO ] 2019-06-01 15:14:41.336 [main] DriverEscape - DocumentBuilder complete
[ERROR] 2019-06-01 15:14:41.339 [main] DriverEscape - Input/Output ExceptionC:\Users\nico\eclipse-workspace\Escape Game2\com.nicolasderoussen\Config_Escapegame.xml (The system cannot find the path specified)
[INFO ] 2019-06-01 15:15:23.971 [main] DriverEscape - DocumentBuilder complete
[ERROR] 2019-06-01 15:15:23.974 [main] DriverEscape - Input/Output ExceptionC:\Users\nico\eclipse-workspace\Escape Game2\src\Config_Escapegame.xml (The system cannot find the file specified)
[INFO ] 2019-06-01 15:15:37.064 [main] DriverEscape - DocumentBuilder complete
[ERROR] 2019-06-01 15:15:37.066 [main] DriverEscape - Input/Output ExceptionC:\Users\nico\eclipse-workspace\Escape Game2\src\com.nicolasderoussen\Config_Escapegame.xml (The system cannot find the path specified)
[INFO ] 2019-06-01 15:19:17.417 [main] DriverEscape - DocumentBuilder complete
[ERROR] 2019-06-01 15:19:17.419 [main] DriverEscape - Input/Output ExceptionConfig_Escape.xml (The system cannot find the file specified)
[INFO ] 2019-06-01 15:25:16.101 [main] DriverEscape - DocumentBuilder complete
[ERROR] 2019-06-01 15:25:16.104 [main] DriverEscape - Input/Output ExceptionC:\Users\nico\eclipse-workspace\Escape Game2\Escape Game2\src\com.deroussen\Config_Escapegame.xml (The system cannot find the path specified)
[INFO ] 2019-06-01 15:25:27.232 [main] DriverEscape - DocumentBuilder complete
[ERROR] 2019-06-01 15:25:27.234 [main] DriverEscape - Input/Output ExceptionC:\src\com.deroussen\Config_Escapegame.xml (The system cannot find the path specified)
[INFO ] 2019-06-01 15:26:27.259 [main] DriverEscape - DocumentBuilder complete
[ERROR] 2019-06-01 15:26:27.261 [main] DriverEscape - Input/Output ExceptionC:\Users\nico\eclipse-workspace\Escape Game2\src\com.deroussen\Config_Escapegame.xml (The system cannot find the path specified)
[INFO ] 2019-06-01 15:26:35.056 [main] DriverEscape - DocumentBuilder complete
[ERROR] 2019-06-01 15:26:35.058 [main] DriverEscape - Input/Output ExceptionC:\Users\nico\eclipse-workspace\Escape Game2\src\.\Config_Escapegame.xml (The system cannot find the file specified)
[INFO ] 2019-06-01 15:27:47.134 [main] DriverEscape - DocumentBuilder complete
[INFO ] 2019-06-01 15:27:47.136 [main] DriverEscape - Parsing of the XML file complete
[INFO ] 2019-06-01 15:27:47.287 [main] DriverEscape - Sleep for 0.15 sec is working
[INFO ] 2019-06-01 15:33:06.376 [main] DriverEscape - DocumentBuilder complete
[INFO ] 2019-06-01 15:33:06.378 [main] DriverEscape - Parsing of the XML file complete
[INFO ] 2019-06-01 15:33:06.529 [main] DriverEscape - Sleep for 0.15 sec is working
[INFO ] 2019-06-01 15:54:27.249 [main] DriverEscape - DocumentBuilder complete
[INFO ] 2019-06-01 15:54:27.251 [main] DriverEscape - Parsing of the XML file complete
[INFO ] 2019-06-01 15:54:27.402 [main] DriverEscape - Sleep for 0.15 sec is working
